********************************************************************************
DUPLICATOR-LITE PACKAGE-LOG: January 24, 2021 10:28 am
NOTICE: Do NOT post to public sites or forums 
********************************************************************************
VERSION:	1.3.40.1
WORDPRESS:	5.6
PHP INFO:	7.4.9 | SAPI: apache2handler
SERVER:		Apache/2.4.46 (Unix) OpenSSL/1.0.2u PHP/7.4.9 mod_wsgi/3.5 Python/2.7.13 mod_fastcgi/mod_fastcgi-SNAP-0910052141 mod_perl/2.0.11 Perl/v5.30.1 
PHP TIME LIMIT: (0) no time limit imposed 
PHP MAX MEMORY: 4294967296 (128M default) 
MEMORY STACK: 6.5MB

********************************************************************************
DATABASE:
********************************************************************************
BUILD MODE:   PHP(query limit - 100)
MYSQLTIMEOUT: 5000
MYSQLDUMP:    Not Supported
TABLES: total:13 | filtered:0 | create:13
FILTERED: []
SQL CREATED: 20210124_roughagency_4df370b43b9aedbe8504_20210124102559_database.sql
SQL FILE SIZE: 444.99KB (455667)
SQL FILE TIME: 2021-01-24 10:28:27
SQL RUNTIME: 0.25 sec.

********************************************************************************
ARCHIVE (ZIP):
********************************************************************************
ARCHIVE DIR:  /Users/vladimirdima/Desktop/rough-agency/roughagency
ARCHIVE FILE: 20210124_roughagency_4df370b43b9aedbe8504_20210124102559_archive.zip
FILTERS: *OFF*
DIRS:
	not set
FILES:
	not set
EXTS:  not set
----------------------------------------
COMPRESSING
SIZE:	147.29MB
STATS:	Dirs 779 | Files 4,541
SQL ADDED: 20210124_roughagency_4df370b43b9aedbe8504_20210124102559_database.sql
ZipArchive Object
(
    [status] => 0
    [statusSys] => 0
    [numFiles] => 5320
    [filename] => /Users/vladimirdima/Desktop/rough-agency/roughagency/wp-content/backups-dup-lite/tmp/20210124_roughagency_4df370b43b9aedbe8504_20210124102559_archive.zip
    [comment] => 
)

FILE ADDED TO ZIP: 5319
COMPRESSION RESULT: '1'
COMPRESSED SIZE: 96.08MB
ARCHIVE RUNTIME: 28.60 sec.
MEMORY STACK: 8.5MB
building installer
add_extra_files1
add_extra_files2
add_extra_files3
add_extra_files4
Doing archive file check
add_extra_files5
add_extra_files6
add_extra_files8
Successfully opened zip /Users/vladimirdima/Desktop/rough-agency/roughagency/wp-content/backups-dup-lite/tmp/20210124_roughagency_4df370b43b9aedbe8504_20210124102559_archive.zip
Adding enhanced installer files to archive using ZipArchive
Installer files added to archive
Added to archive
After ziparchive close when adding installer

********************************************************************************
INTEGRITY CHECKS:
********************************************************************************
SQL FILE: 444.99KB
INSTALLER FILE: 61.29KB
ARCHIVE FILE: 97.58MB 
EXPECTED FILE/DIRECTORY COUNT: 5,320
ACTUAL FILE/DIRECTORY COUNT: 5,319
ARCHIVE CONSISTENCY TEST: Pass

********************************************************************************
RECORD ID:[1]
TOTAL PROCESS RUNTIME: 36.12 sec.
PEAK PHP MEMORY USED: 10.5MB
DONE PROCESSING => 20210124_roughagency January 24, 2021 10:29 am

